
  .   ____          _            __ _ _
 /\\ / ___'_ __ _ _(_)_ __  __ _ \ \ \ \
( ( )\___ | '_ | '_| | '_ \/ _` | \ \ \ \
 \\/  ___)| |_)| | | | | || (_| |  ) ) ) )
  '  |____| .__|_| |_|_| |_\__, | / / / /
 =========|_|==============|___/=/_/_/_/
 :: Spring Boot ::                (v2.4.3)

2021-02-26 16:49:18.149  INFO 77571 --- [           main] .SpringCloudMicroserviceDemo1Application : Starting SpringCloudMicroserviceDemo1Application v1.0.0 using Java 11.0.8 on localhost with PID 77571 (/Users/xuzewei/microprograms/spring-cloud-microservice-demo1/target/spring-cloud-microservice-demo1-1.0.0.jar started by xuzewei in /Users/xuzewei/microprograms/spring-cloud-microservice-demo1)
2021-02-26 16:49:18.159  INFO 77571 --- [           main] .SpringCloudMicroserviceDemo1Application : No active profile set, falling back to default profiles: default
2021-02-26 16:49:21.488  INFO 77571 --- [           main] o.s.cloud.context.scope.GenericScope     : BeanFactory id=8e03d2d7-0fe0-3513-b3fb-812282cf2b5f
2021-02-26 16:49:22.709  INFO 77571 --- [           main] o.s.b.w.embedded.tomcat.TomcatWebServer  : Tomcat initialized with port(s): 8081 (http)
2021-02-26 16:49:22.741  INFO 77571 --- [           main] o.apache.catalina.core.StandardService   : Starting service [Tomcat]
2021-02-26 16:49:22.743  INFO 77571 --- [           main] org.apache.catalina.core.StandardEngine  : Starting Servlet engine: [Apache Tomcat/9.0.43]
2021-02-26 16:49:22.928  INFO 77571 --- [           main] o.a.c.c.C.[Tomcat].[localhost].[/]       : Initializing Spring embedded WebApplicationContext
2021-02-26 16:49:22.929  INFO 77571 --- [           main] w.s.c.ServletWebServerApplicationContext : Root WebApplicationContext: initialization completed in 4634 ms
2021-02-26 16:49:24.737  INFO 77571 --- [           main] o.s.s.concurrent.ThreadPoolTaskExecutor  : Initializing ExecutorService 'applicationTaskExecutor'
2021-02-26 16:49:26.507  INFO 77571 --- [           main] DiscoveryClientOptionalArgsConfiguration : Eureka HTTP Client uses RestTemplate.
2021-02-26 16:49:26.694  WARN 77571 --- [           main] iguration$LoadBalancerCaffeineWarnLogger : Spring Cloud LoadBalancer is currently working with the default cache. You can switch to using Caffeine cache, by adding it and org.springframework.cache.caffeine.CaffeineCacheManager to the classpath.
2021-02-26 16:49:26.743  INFO 77571 --- [           main] o.s.b.a.e.web.EndpointLinksResolver      : Exposing 16 endpoint(s) beneath base path '/actuator'
2021-02-26 16:49:26.826  INFO 77571 --- [           main] o.s.c.n.eureka.InstanceInfoFactory       : Setting initial instance status as: STARTING
2021-02-26 16:49:27.041  INFO 77571 --- [           main] com.netflix.discovery.DiscoveryClient    : Initializing Eureka in region us-east-1
2021-02-26 16:49:27.059  INFO 77571 --- [           main] c.n.d.s.r.aws.ConfigClusterResolver      : Resolving eureka endpoints via configuration
2021-02-26 16:49:27.131  INFO 77571 --- [           main] com.netflix.discovery.DiscoveryClient    : Disable delta property : false
2021-02-26 16:49:27.131  INFO 77571 --- [           main] com.netflix.discovery.DiscoveryClient    : Single vip registry refresh property : null
2021-02-26 16:49:27.131  INFO 77571 --- [           main] com.netflix.discovery.DiscoveryClient    : Force full registry fetch : false
2021-02-26 16:49:27.131  INFO 77571 --- [           main] com.netflix.discovery.DiscoveryClient    : Application is null : false
2021-02-26 16:49:27.132  INFO 77571 --- [           main] com.netflix.discovery.DiscoveryClient    : Registered Applications size is zero : true
2021-02-26 16:49:27.132  INFO 77571 --- [           main] com.netflix.discovery.DiscoveryClient    : Application version is -1: true
2021-02-26 16:49:27.132  INFO 77571 --- [           main] com.netflix.discovery.DiscoveryClient    : Getting all instance registry info from the eureka server
2021-02-26 16:49:27.681  INFO 77571 --- [           main] com.netflix.discovery.DiscoveryClient    : The response status is 200
2021-02-26 16:49:27.688  INFO 77571 --- [           main] com.netflix.discovery.DiscoveryClient    : Starting heartbeat executor: renew interval is: 30
2021-02-26 16:49:27.694  INFO 77571 --- [           main] c.n.discovery.InstanceInfoReplicator     : InstanceInfoReplicator onDemand update allowed rate per min is 4
2021-02-26 16:49:27.707  INFO 77571 --- [           main] com.netflix.discovery.DiscoveryClient    : Discovery Client initialized at timestamp 1614329367705 with initial instances count: 2
2021-02-26 16:49:27.710  INFO 77571 --- [           main] o.s.c.n.e.s.EurekaServiceRegistry        : Registering application SPRING-CLOUD-MICROSERVICE-DEMO1 with eureka with status UP
2021-02-26 16:49:27.710  INFO 77571 --- [           main] com.netflix.discovery.DiscoveryClient    : Saw local status change event StatusChangeEvent [timestamp=1614329367710, current=UP, previous=STARTING]
2021-02-26 16:49:27.727  INFO 77571 --- [nfoReplicator-0] com.netflix.discovery.DiscoveryClient    : DiscoveryClient_SPRING-CLOUD-MICROSERVICE-DEMO1/172.25.16.187:spring-cloud-microservice-demo1:8081: registering service...
2021-02-26 16:49:27.812  INFO 77571 --- [           main] o.s.b.w.embedded.tomcat.TomcatWebServer  : Tomcat started on port(s): 8081 (http) with context path ''
2021-02-26 16:49:27.815  INFO 77571 --- [           main] .s.c.n.e.s.EurekaAutoServiceRegistration : Updating port to 8081
2021-02-26 16:49:27.844  INFO 77571 --- [nfoReplicator-0] com.netflix.discovery.DiscoveryClient    : DiscoveryClient_SPRING-CLOUD-MICROSERVICE-DEMO1/172.25.16.187:spring-cloud-microservice-demo1:8081 - registration status: 204
2021-02-26 16:49:27.949  INFO 77571 --- [           main] .SpringCloudMicroserviceDemo1Application : Started SpringCloudMicroserviceDemo1Application in 11.389 seconds (JVM running for 12.977)
2021-02-26 16:49:51.146  INFO 77571 --- [nio-8081-exec-1] o.a.c.c.C.[Tomcat].[localhost].[/]       : Initializing Spring DispatcherServlet 'dispatcherServlet'
2021-02-26 16:49:51.147  INFO 77571 --- [nio-8081-exec-1] o.s.web.servlet.DispatcherServlet        : Initializing Servlet 'dispatcherServlet'
2021-02-26 16:49:51.174  INFO 77571 --- [nio-8081-exec-1] o.s.web.servlet.DispatcherServlet        : Completed initialization in 27 ms
